Mono path[0] = '/home/dani77/.local/share/Steam/steamapps/common/Project OPERATOR/OPERATOR_Data/Managed'
Mono config path = '/home/dani77/.local/share/Steam/steamapps/common/Project OPERATOR/OPERATOR_Data/MonoBleedingEdge/etc'
Preloaded 'lib_burst_generated.so'
Preloaded 'libfmodstudio.so'
Preloaded 'libresonanceaudio.so'
Preloaded 'libsteam_api.so'
Display 0 'ASUS VW197 19"': 1366x768 (primary device).
[Physics::Module] Initialized MultithreadedJobDispatcher with 1 workers.
Unable to load player prefs
Desktop is 1366 x 768 @ 60 Hz
Initialize engine version: 2022.3.16f1 (d2c21f0ef2f1)
[Subsystems] Discovering subsystems at path /home/dani77/.local/share/Steam/steamapps/common/Project OPERATOR/OPERATOR_Data/UnitySubsystems
[Subsystems] No descriptors matched for  examples in UnitySubsystems/OculusXRPlugin/UnitySubsystemsManifest.json.
[Subsystems] 1 'inputs' descriptors matched in UnitySubsystems/OculusXRPlugin/UnitySubsystemsManifest.json
[Subsystems] 1 'displays' descriptors matched in UnitySubsystems/OculusXRPlugin/UnitySubsystemsManifest.json
[Subsystems] No descriptors matched for  meshings in UnitySubsystems/OculusXRPlugin/UnitySubsystemsManifest.json.
GfxDevice: creating device client; threaded=1; jobified=1
Renderer: AMD RS880 (DRM 2.50.0 / 6.11.6-arch1-1, LLVM 18.1.8)
Vendor:   Mesa
Version:  3.3 (Core Profile) Mesa 24.2.7-arch1.1
GLES:     0
 GL_AMD_conservative_depth GL_AMD_depth_clamp_separate GL_AMD_draw_buffers_blend GL_AMD_performance_monitor GL_AMD_pinned_memory GL_AMD_shader_stencil_export GL_AMD_shader_trinary_minmax GL_AMD_vertex_shader_layer GL_AMD_vertex_shader_viewport_index GL_ANGLE_texture_compression_dxt3 GL_ANGLE_texture_compression_dxt5 GL_ARB_ES2_compatibility GL_ARB_ES3_compatibility GL_ARB_arrays_of_arrays GL_ARB_base_instance GL_ARB_blend_func_extended GL_ARB_buffer_storage GL_ARB_clear_buffer_object GL_ARB_clear_texture GL_ARB_clip_control GL_ARB_compressed_texture_pixel_storage GL_ARB_conditional_render_inverted GL_ARB_conservative_depth GL_ARB_copy_buffer GL_ARB_copy_image GL_ARB_cull_distance GL_ARB_debug_output GL_ARB_depth_buffer_float GL_ARB_depth_clamp GL_ARB_direct_state_access GL_ARB_draw_buffers GL_ARB_draw_buffers_blend GL_ARB_draw_elements_base_vertex GL_ARB_draw_instanced GL_ARB_explicit_attrib_location GL_ARB_explicit_uniform_location GL_ARB_fragment_coord_conventions GL_ARB_fragment_layer_viewport GL_ARB_frag
ment_shader GL_ARB_framebuffer_no_attachments GL_ARB_framebuffer_object GL_ARB_framebuffer_sRGB GL_ARB_get_program_binary GL_ARB_get_texture_sub_image GL_ARB_gl_spirv GL_ARB_half_float_pixel GL_ARB_half_float_vertex GL_ARB_instanced_arrays GL_ARB_internalformat_query GL_ARB_internalformat_query2 GL_ARB_invalidate_subdata GL_ARB_map_buffer_alignment GL_ARB_map_buffer_range GL_ARB_multi_bind GL_ARB_occlusion_query2 GL_ARB_parallel_shader_compile GL_ARB_pipeline_statistics_query GL_ARB_pixel_buffer_object GL_ARB_point_sprite GL_ARB_polygon_offset_clamp GL_ARB_program_interface_query GL_ARB_provoking_vertex GL_ARB_robust_buffer_access_behavior GL_ARB_robustness GL_ARB_sample_shading GL_ARB_sampler_objects GL_ARB_seamless_cube_map GL_ARB_separate_shader_objects GL_ARB_shader_bit_encoding GL_ARB_shader_objects GL_ARB_shader_stencil_export GL_ARB_shader_subroutine GL_ARB_shader_texture_image_samples GL_ARB_shader_texture_lod GL_ARB_shading_language_420pack GL_ARB_shading_language_include GL_ARB_shading_language_pac
king GL_ARB_spirv_extensions GL_ARB_stencil_texturing GL_ARB_sync GL_ARB_texture_barrier GL_ARB_texture_border_clamp GL_ARB_texture_buffer_object GL_ARB_texture_buffer_object_rgb32 GL_ARB_texture_buffer_range GL_ARB_texture_compression_bptc GL_ARB_texture_compression_rgtc GL_ARB_texture_filter_anisotropic GL_ARB_texture_float GL_ARB_texture_mirror_clamp_to_edge GL_ARB_texture_multisample GL_ARB_texture_non_power_of_two GL_ARB_texture_query_levels GL_ARB_texture_rectangle GL_ARB_texture_rg GL_ARB_texture_rgb10_a2ui GL_ARB_texture_stencil8 GL_ARB_texture_storage GL_ARB_texture_storage_multisample GL_ARB_texture_swizzle GL_ARB_timer_query GL_ARB_transform_feedback2 GL_ARB_transform_feedback3 GL_ARB_transform_feedback_instanced GL_ARB_uniform_buffer_object GL_ARB_vertex_array_bgra GL_ARB_vertex_array_object GL_ARB_vertex_attrib_binding GL_ARB_vertex_buffer_object GL_ARB_vertex_shader GL_ARB_vertex_type_10f_11f_11f_rev GL_ARB_vertex_type_2_10_10_10_rev GL_ARB_viewport_array GL_ATI_blend_equation_separate GL_ATI_m
eminfo GL_ATI_texture_float GL_ATI_texture_mirror_once GL_EXT_EGL_image_storage GL_EXT_EGL_image_storage_compression GL_EXT_EGL_sync GL_EXT_abgr GL_EXT_blend_equation_separate GL_EXT_debug_label GL_EXT_draw_buffers2 GL_EXT_draw_instanced GL_EXT_framebuffer_blit GL_EXT_framebuffer_multisample GL_EXT_framebuffer_multisample_blit_scaled GL_EXT_framebuffer_object GL_EXT_framebuffer_sRGB GL_EXT_memory_object GL_EXT_memory_object_fd GL_EXT_packed_depth_stencil GL_EXT_packed_float GL_EXT_pixel_buffer_object GL_EXT_polygon_offset_clamp GL_EXT_provoking_vertex GL_EXT_shader_integer_mix GL_EXT_texture_array GL_EXT_texture_compression_dxt1 GL_EXT_texture_compression_rgtc GL_EXT_texture_compression_s3tc GL_EXT_texture_filter_anisotropic GL_EXT_texture_integer GL_EXT_texture_mirror_clamp GL_EXT_texture_sRGB GL_EXT_texture_sRGB_R8 GL_EXT_texture_sRGB_decode GL_EXT_texture_shared_exponent GL_EXT_texture_snorm GL_EXT_texture_storage GL_EXT_texture_swizzle GL_EXT_timer_query GL_EXT_transform_feedback GL_EXT_vertex_array_bgra
 GL_IBM_multimode_draw_arrays GL_KHR_context_flush_control GL_KHR_debug GL_KHR_no_error GL_KHR_parallel_shader_compile GL_KHR_robust_buffer_access_behavior GL_KHR_robustness GL_KHR_texture_compression_astc_ldr GL_KHR_texture_compression_astc_sliced_3d GL_MESA_pack_invert GL_MESA_shader_integer_functions GL_MESA_texture_signed_rgba GL_NVX_gpu_memory_info GL_NV_conditional_render GL_NV_copy_image GL_NV_depth_clamp GL_NV_packed_depth_stencil GL_NV_texture_barrier GL_OES_EGL_image GL_S3_s3tc
OPENGL LOG: Creating OpenGL 3.3 graphics device ; Context level  <OpenGL 3.3> ; Context handle 367761488
Begin MonoManager ReloadAssembly
- Loaded All Assemblies, in  0.423 seconds
- Finished resetting the current domain, in  0.007 seconds
ERROR: Shader Hidden/Universal Render Pipeline/Edge Adaptive Spatial Upsampling shader is not supported on this GPU (none of subshaders/fallbacks are suitable)
ERROR: Shader Hidden/Universal/HDRDebugView shader is not supported on this GPU (none of subshaders/fallbacks are suitable)
Default vsync count 1
requesting resize 1366 x 768
Using native desktop resolution 1366 x 768
requesting fullscreen 1366 x 768 at 0/1 Hz
Desktop is 1366 x 768 @ 60 Hz
Desktop is 1366 x 768 @ 60 Hz
UnloadTime: 8.681586 ms
[FMOD] Please add an 'FMOD Studio Listener' component to your camera in the scene for correct 3D positioning of sounds.
The referenced script (Unknown) on this Behaviour is missing!
The referenced script on this Behaviour (Game Object 'ApplicationStack') is missing!
Fallback handler could not load library /home/dani77/.local/share/Steam/steamapps/common/Project OPERATOR/OPERATOR_Data/MonoBleedingEdge/x86_64/libudev.so
Fallback handler could not load library /home/dani77/.local/share/Steam/steamapps/common/Project OPERATOR/OPERATOR_Data/MonoBleedingEdge/x86_64/libudev.so
Fallback handler could not load library /home/dani77/.local/share/Steam/steamapps/common/Project OPERATOR/OPERATOR_Data/MonoBleedingEdge/x86_64/libudev.so
Fallback handler could not load library /home/dani77/.local/share/Steam/steamapps/common/Project OPERATOR/OPERATOR_Data/MonoBleedingEdge/x86_64/libudev.so
Fallback handler could not load library /home/dani77/.local/share/Steam/steamapps/common/Project OPERATOR/OPERATOR_Data/MonoBleedingEdge/x86_64/libudev.so
Fallback handler could not load library /home/dani77/.local/share/Steam/steamapps/common/Project OPERATOR/OPERATOR_Data/MonoBleedingEdge/x86_64/libudev.so
Fallback handler could not load library /home/dani77/.local/share/Steam/steamapps/common/Project OPERATOR/OPERATOR_Data/MonoBleedingEdge/x86_64/libudev.so
Fallback handler could not load library /home/dani77/.local/share/Steam/steamapps/common/Project OPERATOR/OPERATOR_Data/MonoBleedingEdge/x86_64/libudev.so
DontDestroyOnLoad only works for root GameObjects or components on root GameObjects.
[S_API] SteamAPI_Init(): Loaded '/home/dani77/.local/share/Steam/linux64/steamclient.so' OK.
Setting breakpad minidump AppID = 1771980
SteamInternal_SetMinidumpSteamID:  Caching Steam ID:  76561199177570080 [API loaded no]
Platform: Linux_Steam
   Input (PMInputRewired)
   Leaderboard (SteamLeaderboard)
   Save (SaveModule)
   Settings (SettingsModule)
   Achv (SteamAchievements)
requesting resize 1366 x 768
Using native desktop resolution 1366 x 768
requesting fullscreen 1366 x 768 at 60/1 Hz
Desktop is 1366 x 768 @ 60 Hz
Setting up 1 worker threads for Enlighten.
IndexOutOfRangeException: Index was outside the bounds of the array.
  at Katalyst.ManagedBehaviours.ManagedBehaviourOrchestrator+CallbackBehaviourArray.UnRegister (Katalyst.ManagedBehaviours.IManagedBehaviour behaviour, Katalyst.ManagedBehaviours.ManagedBehaviourOrchestrator+ManagedBehaviourHandle& handle) [0x0001c] in <554e1d3ec26c4276abedaed40860cbdc>:0 
  at Katalyst.ManagedBehaviours.ManagedBehaviourOrchestrator.UnRegisterBehaviourForCallbacks (Katalyst.ManagedBehaviours.IManagedBehaviour behaviour) [0x00022] in <554e1d3ec26c4276abedaed40860cbdc>:0 
  at Katalyst.ManagedBehaviours.ManagedBehaviour.OnDisable () [0x00035] in <554e1d3ec26c4276abedaed40860cbdc>:0 

IndexOutOfRangeException: Index was outside the bounds of the array.
  at Katalyst.ManagedBehaviours.ManagedBehaviourOrchestrator+CallbackBehaviourArray.UnRegister (Katalyst.ManagedBehaviours.IManagedBehaviour behaviour, Katalyst.ManagedBehaviours.ManagedBehaviourOrchestrator+ManagedBehaviourHandle& handle) [0x0001c] in <554e1d3ec26c4276abedaed40860cbdc>:0 
  at Katalyst.ManagedBehaviours.ManagedBehaviourOrchestrator.UnRegisterBehaviourForCallbacks (Katalyst.ManagedBehaviours.IManagedBehaviour behaviour) [0x00022] in <554e1d3ec26c4276abedaed40860cbdc>:0 
  at Katalyst.ManagedBehaviours.ManagedBehaviour.OnDisable () [0x00035] in <554e1d3ec26c4276abedaed40860cbdc>:0 

IndexOutOfRangeException: Index was outside the bounds of the array.
  at Katalyst.ManagedBehaviours.ManagedBehaviourOrchestrator+CallbackBehaviourArray.UnRegister (Katalyst.ManagedBehaviours.IManagedBehaviour behaviour, Katalyst.ManagedBehaviours.ManagedBehaviourOrchestrator+ManagedBehaviourHandle& handle) [0x0001c] in <554e1d3ec26c4276abedaed40860cbdc>:0 
  at Katalyst.ManagedBehaviours.ManagedBehaviourOrchestrator.UnRegisterBehaviourForCallbacks (Katalyst.ManagedBehaviours.IManagedBehaviour behaviour) [0x00022] in <554e1d3ec26c4276abedaed40860cbdc>:0 
  at Katalyst.ManagedBehaviours.ManagedBehaviour.OnDisable () [0x00035] in <554e1d3ec26c4276abedaed40860cbdc>:0 

IndexOutOfRangeException: Index was outside the bounds of the array.
  at Katalyst.ManagedBehaviours.ManagedBehaviourOrchestrator+CallbackBehaviourArray.UnRegister (Katalyst.ManagedBehaviours.IManagedBehaviour behaviour, Katalyst.ManagedBehaviours.ManagedBehaviourOrchestrator+ManagedBehaviourHandle& handle) [0x0001c] in <554e1d3ec26c4276abedaed40860cbdc>:0 
  at Katalyst.ManagedBehaviours.ManagedBehaviourOrchestrator.UnRegisterBehaviourForCallbacks (Katalyst.ManagedBehaviours.IManagedBehaviour behaviour) [0x00022] in <554e1d3ec26c4276abedaed40860cbdc>:0 
  at Katalyst.ManagedBehaviours.ManagedBehaviour.OnDisable () [0x00035] in <554e1d3ec26c4276abedaed40860cbdc>:0 

IndexOutOfRangeException: Index was outside the bounds of the array.
  at Katalyst.ManagedBehaviours.ManagedBehaviourOrchestrator+CallbackBehaviourArray.UnRegister (Katalyst.ManagedBehaviours.IManagedBehaviour behaviour, Katalyst.ManagedBehaviours.ManagedBehaviourOrchestrator+ManagedBehaviourHandle& handle) [0x0001c] in <554e1d3ec26c4276abedaed40860cbdc>:0 
  at Katalyst.ManagedBehaviours.ManagedBehaviourOrchestrator.UnRegisterBehaviourForCallbacks (Katalyst.ManagedBehaviours.IManagedBehaviour behaviour) [0x00022] in <554e1d3ec26c4276abedaed40860cbdc>:0 
  at Katalyst.ManagedBehaviours.ManagedBehaviour.OnDisable () [0x00035] in <554e1d3ec26c4276abedaed40860cbdc>:0 

IndexOutOfRangeException: Index was outside the bounds of the array.
  at Katalyst.ManagedBehaviours.ManagedBehaviourOrchestrator+CallbackBehaviourArray.UnRegister (Katalyst.ManagedBehaviours.IManagedBehaviour behaviour, Katalyst.ManagedBehaviours.ManagedBehaviourOrchestrator+ManagedBehaviourHandle& handle) [0x0001c] in <554e1d3ec26c4276abedaed40860cbdc>:0 
  at Katalyst.ManagedBehaviours.ManagedBehaviourOrchestrator.UnRegisterBehaviourForCallbacks (Katalyst.ManagedBehaviours.IManagedBehaviour behaviour) [0x00022] in <554e1d3ec26c4276abedaed40860cbdc>:0 
  at Katalyst.ManagedBehaviours.ManagedBehaviour.OnDisable () [0x00035] in <554e1d3ec26c4276abedaed40860cbdc>:0 

IndexOutOfRangeException: Index was outside the bounds of the array.
  at Katalyst.ManagedBehaviours.ManagedBehaviourOrchestrator+CallbackBehaviourArray.UnRegister (Katalyst.ManagedBehaviours.IManagedBehaviour behaviour, Katalyst.ManagedBehaviours.ManagedBehaviourOrchestrator+ManagedBehaviourHandle& handle) [0x0001c] in <554e1d3ec26c4276abedaed40860cbdc>:0 
  at Katalyst.ManagedBehaviours.ManagedBehaviourOrchestrator.UnRegisterBehaviourForCallbacks (Katalyst.ManagedBehaviours.IManagedBehaviour behaviour) [0x00022] in <554e1d3ec26c4276abedaed40860cbdc>:0 
  at Katalyst.ManagedBehaviours.ManagedBehaviour.OnDisable () [0x00035] in <554e1d3ec26c4276abedaed40860cbdc>:0 

IndexOutOfRangeException: Index was outside the bounds of the array.
  at Katalyst.ManagedBehaviours.ManagedBehaviourOrchestrator+CallbackBehaviourArray.UnRegister (Katalyst.ManagedBehaviours.IManagedBehaviour behaviour, Katalyst.ManagedBehaviours.ManagedBehaviourOrchestrator+ManagedBehaviourHandle& handle) [0x0001c] in <554e1d3ec26c4276abedaed40860cbdc>:0 
  at Katalyst.ManagedBehaviours.ManagedBehaviourOrchestrator.UnRegisterBehaviourForCallbacks (Katalyst.ManagedBehaviours.IManagedBehaviour behaviour) [0x00022] in <554e1d3ec26c4276abedaed40860cbdc>:0 
  at Katalyst.ManagedBehaviours.ManagedBehaviour.OnDisable () [0x00035] in <554e1d3ec26c4276abedaed40860cbdc>:0 

IndexOutOfRangeException: Index was outside the bounds of the array.
  at Katalyst.ManagedBehaviours.ManagedBehaviourOrchestrator+CallbackBehaviourArray.UnRegister (Katalyst.ManagedBehaviours.IManagedBehaviour behaviour, Katalyst.ManagedBehaviours.ManagedBehaviourOrchestrator+ManagedBehaviourHandle& handle) [0x0001c] in <554e1d3ec26c4276abedaed40860cbdc>:0 
  at Katalyst.ManagedBehaviours.ManagedBehaviourOrchestrator.UnRegisterBehaviourForCallbacks (Katalyst.ManagedBehaviours.IManagedBehaviour behaviour) [0x00022] in <554e1d3ec26c4276abedaed40860cbdc>:0 
  at Katalyst.ManagedBehaviours.ManagedBehaviour.OnDisable () [0x00035] in <554e1d3ec26c4276abedaed40860cbdc>:0 

IndexOutOfRangeException: Index was outside the bounds of the array.
  at Katalyst.ManagedBehaviours.ManagedBehaviourOrchestrator+CallbackBehaviourArray.UnRegister (Katalyst.ManagedBehaviours.IManagedBehaviour behaviour, Katalyst.ManagedBehaviours.ManagedBehaviourOrchestrator+ManagedBehaviourHandle& handle) [0x0001c] in <554e1d3ec26c4276abedaed40860cbdc>:0 
  at Katalyst.ManagedBehaviours.ManagedBehaviourOrchestrator.UnRegisterBehaviourForCallbacks (Katalyst.ManagedBehaviours.IManagedBehaviour behaviour) [0x00022] in <554e1d3ec26c4276abedaed40860cbdc>:0 
  at Katalyst.ManagedBehaviours.ManagedBehaviour.OnDisable () [0x00035] in <554e1d3ec26c4276abedaed40860cbdc>:0 

IndexOutOfRangeException: Index was outside the bounds of the array.
  at Katalyst.ManagedBehaviours.ManagedBehaviourOrchestrator+CallbackBehaviourArray.UnRegister (Katalyst.ManagedBehaviours.IManagedBehaviour behaviour, Katalyst.ManagedBehaviours.ManagedBehaviourOrchestrator+ManagedBehaviourHandle& handle) [0x0001c] in <554e1d3ec26c4276abedaed40860cbdc>:0 
  at Katalyst.ManagedBehaviours.ManagedBehaviourOrchestrator.UnRegisterBehaviourForCallbacks (Katalyst.ManagedBehaviours.IManagedBehaviour behaviour) [0x00022] in <554e1d3ec26c4276abedaed40860cbdc>:0 
  at Katalyst.ManagedBehaviours.ManagedBehaviour.OnDisable () [0x00035] in <554e1d3ec26c4276abedaed40860cbdc>:0 

NullReferenceException: Object reference not set to an instance of an object
  at AutoLocalizeTextMeshPro.OnDisable () [0x0000c] in <5bb3f109d76a483db15979ded7f2df62>:0 

IndexOutOfRangeException: Index was outside the bounds of the array.
  at Katalyst.ManagedBehaviours.ManagedBehaviourOrchestrator+CallbackBehaviourArray.UnRegister (Katalyst.ManagedBehaviours.IManagedBehaviour behaviour, Katalyst.ManagedBehaviours.ManagedBehaviourOrchestrator+ManagedBehaviourHandle& handle) [0x0001c] in <554e1d3ec26c4276abedaed40860cbdc>:0 
  at Katalyst.ManagedBehaviours.ManagedBehaviourOrchestrator.UnRegisterBehaviourForCallbacks (Katalyst.ManagedBehaviours.IManagedBehaviour behaviour) [0x00022] in <554e1d3ec26c4276abedaed40860cbdc>:0 
  at Katalyst.ManagedBehaviours.ManagedBehaviour.OnDisable () [0x00035] in <554e1d3ec26c4276abedaed40860cbdc>:0 

IndexOutOfRangeException: Index was outside the bounds of the array.
  at Katalyst.ManagedBehaviours.ManagedBehaviourOrchestrator+CallbackBehaviourArray.UnRegister (Katalyst.ManagedBehaviours.IManagedBehaviour behaviour, Katalyst.ManagedBehaviours.ManagedBehaviourOrchestrator+ManagedBehaviourHandle& handle) [0x0001c] in <554e1d3ec26c4276abedaed40860cbdc>:0 
  at Katalyst.ManagedBehaviours.ManagedBehaviourOrchestrator.UnRegisterBehaviourForCallbacks (Katalyst.ManagedBehaviours.IManagedBehaviour behaviour) [0x00022] in <554e1d3ec26c4276abedaed40860cbdc>:0 
  at Katalyst.ManagedBehaviours.ManagedBehaviour.OnDisable () [0x00035] in <554e1d3ec26c4276abedaed40860cbdc>:0 

NullReferenceException
  at (wrapper managed-to-native) UnityEngine.Component.get_gameObject(UnityEngine.Component)
  at Katalyst.ManagedBehaviours.PoolableManagedObject`1[T].SendToPool (T instance) [0x00017] in <554e1d3ec26c4276abedaed40860cbdc>:0 
  at WindowManager.Close (Window window) [0x0000c] in <5bb3f109d76a483db15979ded7f2df62>:0 
  at WindowManager.OnManagedDisable () [0x00059] in <5bb3f109d76a483db15979ded7f2df62>:0 
  at Katalyst.ManagedBehaviours.ManagedBehaviour.OnDisable () [0x0004b] in <554e1d3ec26c4276abedaed40860cbdc>:0 

IndexOutOfRangeException: Index was outside the bounds of the array.
  at Katalyst.ManagedBehaviours.ManagedBehaviourOrchestrator+CallbackBehaviourArray.UnRegister (Katalyst.ManagedBehaviours.IManagedBehaviour behaviour, Katalyst.ManagedBehaviours.ManagedBehaviourOrchestrator+ManagedBehaviourHandle& handle) [0x0001c] in <554e1d3ec26c4276abedaed40860cbdc>:0 
  at Katalyst.ManagedBehaviours.ManagedBehaviourOrchestrator.UnRegisterBehaviourForCallbacks (Katalyst.ManagedBehaviours.IManagedBehaviour behaviour) [0x00022] in <554e1d3ec26c4276abedaed40860cbdc>:0 
  at Katalyst.ManagedBehaviours.ManagedBehaviour.OnDisable () [0x00035] in <554e1d3ec26c4276abedaed40860cbdc>:0 

IndexOutOfRangeException: Index was outside the bounds of the array.
  at Katalyst.ManagedBehaviours.ManagedBehaviourOrchestrator+CallbackBehaviourArray.UnRegister (Katalyst.ManagedBehaviours.IManagedBehaviour behaviour, Katalyst.ManagedBehaviours.ManagedBehaviourOrchestrator+ManagedBehaviourHandle& handle) [0x0001c] in <554e1d3ec26c4276abedaed40860cbdc>:0 
  at Katalyst.ManagedBehaviours.ManagedBehaviourOrchestrator.UnRegisterBehaviourForCallbacks (Katalyst.ManagedBehaviours.IManagedBehaviour behaviour) [0x00022] in <554e1d3ec26c4276abedaed40860cbdc>:0 
  at Katalyst.ManagedBehaviours.ManagedBehaviour.OnDisable () [0x00035] in <554e1d3ec26c4276abedaed40860cbdc>:0 

IndexOutOfRangeException: Index was outside the bounds of the array.
  at Katalyst.ManagedBehaviours.ManagedBehaviourOrchestrator+CallbackBehaviourArray.UnRegister (Katalyst.ManagedBehaviours.IManagedBehaviour behaviour, Katalyst.ManagedBehaviours.ManagedBehaviourOrchestrator+ManagedBehaviourHandle& handle) [0x0001c] in <554e1d3ec26c4276abedaed40860cbdc>:0 
  at Katalyst.ManagedBehaviours.ManagedBehaviourOrchestrator.UnRegisterBehaviourForCallbacks (Katalyst.ManagedBehaviours.IManagedBehaviour behaviour) [0x00022] in <554e1d3ec26c4276abedaed40860cbdc>:0 
  at Katalyst.ManagedBehaviours.ManagedBehaviour.OnDisable () [0x00035] in <554e1d3ec26c4276abedaed40860cbdc>:0 

NullReferenceException: Object reference not set to an instance of an object
  at AutoLocalizeTextMeshPro.OnDisable () [0x0000c] in <5bb3f109d76a483db15979ded7f2df62>:0 

NullReferenceException: Object reference not set to an instance of an object
  at AutoLocalizeTextMeshPro.OnDisable () [0x0000c] in <5bb3f109d76a483db15979ded7f2df62>:0 

NullReferenceException: Object reference not set to an instance of an object
  at AutoLocalizeTextMeshPro.OnDisable () [0x0000c] in <5bb3f109d76a483db15979ded7f2df62>:0 

NullReferenceException: Object reference not set to an instance of an object
  at AutoLocalizeTextMeshPro.OnDisable () [0x0000c] in <5bb3f109d76a483db15979ded7f2df62>:0 

NullReferenceException: Object reference not set to an instance of an object
  at AutoLocalizeTextMeshPro.OnDisable () [0x0000c] in <5bb3f109d76a483db15979ded7f2df62>:0 

NullReferenceException: Object reference not set to an instance of an object
  at Katalyst.Platforms.PMInput.get_CachedModule () [0x00012] in <cfac2a032b934025a50597350007d23f>:0 
  at Katalyst.Platforms.ActionDescriptor.UnregisterOnActionEnded (System.Action callback) [0x00000] in <cfac2a032b934025a50597350007d23f>:0 
  at PauseController.OnManagedDisable () [0x00006] in <5bb3f109d76a483db15979ded7f2df62>:0 
  at Katalyst.ManagedBehaviours.ManagedBehaviour.OnDisable () [0x0004b] in <554e1d3ec26c4276abedaed40860cbdc>:0 

NullReferenceException: Object reference not set to an instance of an object
  at ButtonToggleForLanguage.OnDestroy () [0x0000c] in <368ac5c3ac1e480aa2cab7d263743a73>:0 

NullReferenceException: Object reference not set to an instance of an object
  at ButtonToggleForLanguage.OnDestroy () [0x0000c] in <368ac5c3ac1e480aa2cab7d263743a73>:0 

NullReferenceException: Object reference not set to an instance of an object
  at ButtonToggleForLanguage.OnDestroy () [0x0000c] in <368ac5c3ac1e480aa2cab7d263743a73>:0 

