nov. 14, 2024 12:09:29 DA TARDE pt.gov.autenticacao.configuracao.Configuration <init>
INFO: Exceção: Configuration(): /home/dani77/.config/plugin-Autenticacao.Gov/plugin.Autenticacao.Gov.config (Ficheiro ou pasta inexistente)
nov. 14, 2024 12:09:29 DA TARDE pt.gov.autenticacao.configuracao.Configuration loadGlobalConfig
INFO: Exceção: Global Configuration(): /usr/share/plugin-autenticacao-gov/plugin.Autenticacao.Gov.config (Ficheiro ou pasta inexistente)
nov. 14, 2024 12:09:29 DA TARDE pt.gov.autenticacao.Agente startServer
INFO: A iniciar... versão = 2.0.97
nov. 14, 2024 12:09:29 DA TARDE pt.gov.autenticacao.configuracao.Configuration <init>
INFO: Exceção: Configuration(): /home/dani77/.config/plugin-Autenticacao.Gov/plugin.Autenticacao.Gov.config (Ficheiro ou pasta inexistente)
nov. 14, 2024 12:09:29 DA TARDE pt.gov.autenticacao.configuracao.Configuration loadGlobalConfig
INFO: Exceção: Global Configuration(): /usr/share/plugin-autenticacao-gov/plugin.Autenticacao.Gov.config (Ficheiro ou pasta inexistente)
nov. 14, 2024 12:10:04 DA TARDE fi.iki.elonen.NanoHTTPD$Response send
SEVERE: Could not send response to the client
java.net.SocketException: Connection or outbound has closed
	at java.base/sun.security.ssl.SSLSocketImpl$AppOutputStream.write(Unknown Source)
	at fi.iki.elonen.NanoHTTPD$Response.sendBody(NanoHTTPD.java:1659)
	at fi.iki.elonen.NanoHTTPD$Response.sendBodyWithCorrectEncoding(NanoHTTPD.java:1632)
	at fi.iki.elonen.NanoHTTPD$Response.sendBodyWithCorrectTransferAndEncoding(NanoHTTPD.java:1622)
	at fi.iki.elonen.NanoHTTPD$Response.send(NanoHTTPD.java:1589)
	at fi.iki.elonen.NanoHTTPD$HTTPSession.execute(NanoHTTPD.java:987)
	at fi.iki.elonen.NanoHTTPD$ClientHandler.run(NanoHTTPD.java:201)
	at java.base/java.lang.Thread.run(Unknown Source)

nov. 14, 2024 12:10:15 DA TARDE fi.iki.elonen.NanoHTTPD$Response send
SEVERE: Could not send response to the client
java.net.SocketException: Connection or outbound has closed
	at java.base/sun.security.ssl.SSLSocketImpl$AppOutputStream.write(Unknown Source)
	at fi.iki.elonen.NanoHTTPD$Response.sendBody(NanoHTTPD.java:1659)
	at fi.iki.elonen.NanoHTTPD$Response.sendBodyWithCorrectEncoding(NanoHTTPD.java:1632)
	at fi.iki.elonen.NanoHTTPD$Response.sendBodyWithCorrectTransferAndEncoding(NanoHTTPD.java:1622)
	at fi.iki.elonen.NanoHTTPD$Response.send(NanoHTTPD.java:1589)
	at fi.iki.elonen.NanoHTTPD$HTTPSession.execute(NanoHTTPD.java:987)
	at fi.iki.elonen.NanoHTTPD$ClientHandler.run(NanoHTTPD.java:201)
	at java.base/java.lang.Thread.run(Unknown Source)

nov. 14, 2024 12:10:15 DA TARDE fi.iki.elonen.NanoHTTPD$Response send
SEVERE: Could not send response to the client
java.net.SocketException: Connection or outbound has closed
	at java.base/sun.security.ssl.SSLSocketImpl$AppOutputStream.write(Unknown Source)
	at fi.iki.elonen.NanoHTTPD$Response.sendBody(NanoHTTPD.java:1659)
	at fi.iki.elonen.NanoHTTPD$Response.sendBodyWithCorrectEncoding(NanoHTTPD.java:1632)
	at fi.iki.elonen.NanoHTTPD$Response.sendBodyWithCorrectTransferAndEncoding(NanoHTTPD.java:1622)
	at fi.iki.elonen.NanoHTTPD$Response.send(NanoHTTPD.java:1589)
	at fi.iki.elonen.NanoHTTPD$HTTPSession.execute(NanoHTTPD.java:987)
	at fi.iki.elonen.NanoHTTPD$ClientHandler.run(NanoHTTPD.java:201)
	at java.base/java.lang.Thread.run(Unknown Source)

nov. 14, 2024 12:14:59 DA TARDE fi.iki.elonen.NanoHTTPD$Response send
SEVERE: Could not send response to the client
java.net.SocketException: Connection or outbound has closed
	at java.base/sun.security.ssl.SSLSocketImpl$AppOutputStream.write(Unknown Source)
	at fi.iki.elonen.NanoHTTPD$Response.sendBody(NanoHTTPD.java:1659)
	at fi.iki.elonen.NanoHTTPD$Response.sendBodyWithCorrectEncoding(NanoHTTPD.java:1632)
	at fi.iki.elonen.NanoHTTPD$Response.sendBodyWithCorrectTransferAndEncoding(NanoHTTPD.java:1622)
	at fi.iki.elonen.NanoHTTPD$Response.send(NanoHTTPD.java:1589)
	at fi.iki.elonen.NanoHTTPD$HTTPSession.execute(NanoHTTPD.java:987)
	at fi.iki.elonen.NanoHTTPD$ClientHandler.run(NanoHTTPD.java:201)
	at java.base/java.lang.Thread.run(Unknown Source)

nov. 14, 2024 12:15:07 DA TARDE fi.iki.elonen.NanoHTTPD$Response send
SEVERE: Could not send response to the client
java.net.SocketException: Connection or outbound has closed
	at java.base/sun.security.ssl.SSLSocketImpl$AppOutputStream.write(Unknown Source)
	at fi.iki.elonen.NanoHTTPD$Response.sendBody(NanoHTTPD.java:1659)
	at fi.iki.elonen.NanoHTTPD$Response.sendBodyWithCorrectEncoding(NanoHTTPD.java:1632)
	at fi.iki.elonen.NanoHTTPD$Response.sendBodyWithCorrectTransferAndEncoding(NanoHTTPD.java:1622)
	at fi.iki.elonen.NanoHTTPD$Response.send(NanoHTTPD.java:1589)
	at fi.iki.elonen.NanoHTTPD$HTTPSession.execute(NanoHTTPD.java:987)
	at fi.iki.elonen.NanoHTTPD$ClientHandler.run(NanoHTTPD.java:201)
	at java.base/java.lang.Thread.run(Unknown Source)

nov. 14, 2024 12:15:13 DA TARDE fi.iki.elonen.NanoHTTPD$Response send
SEVERE: Could not send response to the client
java.net.SocketException: Connection or outbound has closed
	at java.base/sun.security.ssl.SSLSocketImpl$AppOutputStream.write(Unknown Source)
	at fi.iki.elonen.NanoHTTPD$Response.sendBody(NanoHTTPD.java:1659)
	at fi.iki.elonen.NanoHTTPD$Response.sendBodyWithCorrectEncoding(NanoHTTPD.java:1632)
	at fi.iki.elonen.NanoHTTPD$Response.sendBodyWithCorrectTransferAndEncoding(NanoHTTPD.java:1622)
	at fi.iki.elonen.NanoHTTPD$Response.send(NanoHTTPD.java:1589)
	at fi.iki.elonen.NanoHTTPD$HTTPSession.execute(NanoHTTPD.java:987)
	at fi.iki.elonen.NanoHTTPD$ClientHandler.run(NanoHTTPD.java:201)
	at java.base/java.lang.Thread.run(Unknown Source)

nov. 14, 2024 12:15:24 DA TARDE fi.iki.elonen.NanoHTTPD$Response send
SEVERE: Could not send response to the client
java.net.SocketException: Connection or outbound has closed
	at java.base/sun.security.ssl.SSLSocketImpl$AppOutputStream.write(Unknown Source)
	at fi.iki.elonen.NanoHTTPD$Response.sendBody(NanoHTTPD.java:1659)
	at fi.iki.elonen.NanoHTTPD$Response.sendBodyWithCorrectEncoding(NanoHTTPD.java:1632)
	at fi.iki.elonen.NanoHTTPD$Response.sendBodyWithCorrectTransferAndEncoding(NanoHTTPD.java:1622)
	at fi.iki.elonen.NanoHTTPD$Response.send(NanoHTTPD.java:1589)
	at fi.iki.elonen.NanoHTTPD$HTTPSession.execute(NanoHTTPD.java:987)
	at fi.iki.elonen.NanoHTTPD$ClientHandler.run(NanoHTTPD.java:201)
	at java.base/java.lang.Thread.run(Unknown Source)

nov. 14, 2024 12:18:24 DA TARDE fi.iki.elonen.NanoHTTPD$Response send
SEVERE: Could not send response to the client
java.net.SocketException: Connection or outbound has closed
	at java.base/sun.security.ssl.SSLSocketImpl$AppOutputStream.write(Unknown Source)
	at fi.iki.elonen.NanoHTTPD$Response.sendBody(NanoHTTPD.java:1659)
	at fi.iki.elonen.NanoHTTPD$Response.sendBodyWithCorrectEncoding(NanoHTTPD.java:1632)
	at fi.iki.elonen.NanoHTTPD$Response.sendBodyWithCorrectTransferAndEncoding(NanoHTTPD.java:1622)
	at fi.iki.elonen.NanoHTTPD$Response.send(NanoHTTPD.java:1589)
	at fi.iki.elonen.NanoHTTPD$HTTPSession.execute(NanoHTTPD.java:987)
	at fi.iki.elonen.NanoHTTPD$ClientHandler.run(NanoHTTPD.java:201)
	at java.base/java.lang.Thread.run(Unknown Source)

nov. 14, 2024 12:18:38 DA TARDE fi.iki.elonen.NanoHTTPD$Response send
SEVERE: Could not send response to the client
java.net.SocketException: Connection or outbound has closed
	at java.base/sun.security.ssl.SSLSocketImpl$AppOutputStream.write(Unknown Source)
	at fi.iki.elonen.NanoHTTPD$Response.sendBody(NanoHTTPD.java:1659)
	at fi.iki.elonen.NanoHTTPD$Response.sendBodyWithCorrectEncoding(NanoHTTPD.java:1632)
	at fi.iki.elonen.NanoHTTPD$Response.sendBodyWithCorrectTransferAndEncoding(NanoHTTPD.java:1622)
	at fi.iki.elonen.NanoHTTPD$Response.send(NanoHTTPD.java:1589)
	at fi.iki.elonen.NanoHTTPD$HTTPSession.execute(NanoHTTPD.java:987)
	at fi.iki.elonen.NanoHTTPD$ClientHandler.run(NanoHTTPD.java:201)
	at java.base/java.lang.Thread.run(Unknown Source)

nov. 14, 2024 12:18:42 DA TARDE fi.iki.elonen.NanoHTTPD$Response send
SEVERE: Could not send response to the client
java.net.SocketException: Connection or outbound has closed
	at java.base/sun.security.ssl.SSLSocketImpl$AppOutputStream.write(Unknown Source)
	at fi.iki.elonen.NanoHTTPD$Response.sendBody(NanoHTTPD.java:1659)
	at fi.iki.elonen.NanoHTTPD$Response.sendBodyWithCorrectEncoding(NanoHTTPD.java:1632)
	at fi.iki.elonen.NanoHTTPD$Response.sendBodyWithCorrectTransferAndEncoding(NanoHTTPD.java:1622)
	at fi.iki.elonen.NanoHTTPD$Response.send(NanoHTTPD.java:1589)
	at fi.iki.elonen.NanoHTTPD$HTTPSession.execute(NanoHTTPD.java:987)
	at fi.iki.elonen.NanoHTTPD$ClientHandler.run(NanoHTTPD.java:201)
	at java.base/java.lang.Thread.run(Unknown Source)

nov. 14, 2024 12:18:43 DA TARDE fi.iki.elonen.NanoHTTPD$Response send
SEVERE: Could not send response to the client
java.net.SocketException: Connection or outbound has closed
	at java.base/sun.security.ssl.SSLSocketImpl$AppOutputStream.write(Unknown Source)
	at fi.iki.elonen.NanoHTTPD$Response.sendBody(NanoHTTPD.java:1659)
	at fi.iki.elonen.NanoHTTPD$Response.sendBodyWithCorrectEncoding(NanoHTTPD.java:1632)
	at fi.iki.elonen.NanoHTTPD$Response.sendBodyWithCorrectTransferAndEncoding(NanoHTTPD.java:1622)
	at fi.iki.elonen.NanoHTTPD$Response.send(NanoHTTPD.java:1589)
	at fi.iki.elonen.NanoHTTPD$HTTPSession.execute(NanoHTTPD.java:987)
	at fi.iki.elonen.NanoHTTPD$ClientHandler.run(NanoHTTPD.java:201)
	at java.base/java.lang.Thread.run(Unknown Source)

nov. 14, 2024 12:19:33 DA TARDE pt.gov.autenticacao.Agente startServer
INFO: A iniciar... versão = 2.0.97
nov. 14, 2024 12:19:34 DA TARDE pt.gov.autenticacao.configuracao.LinuxConfigurationActions configureStartup
INFO: Exceção: configureStartup(): /home/dani77/.config/autostart/plugin-autenticacao-gov.desktop
nov. 14, 2024 12:20:32 DA TARDE fi.iki.elonen.NanoHTTPD$Response send
SEVERE: Could not send response to the client
java.net.SocketException: Connection or outbound has closed
	at java.base/sun.security.ssl.SSLSocketImpl$AppOutputStream.write(Unknown Source)
	at fi.iki.elonen.NanoHTTPD$Response.sendBody(NanoHTTPD.java:1659)
	at fi.iki.elonen.NanoHTTPD$Response.sendBodyWithCorrectEncoding(NanoHTTPD.java:1632)
	at fi.iki.elonen.NanoHTTPD$Response.sendBodyWithCorrectTransferAndEncoding(NanoHTTPD.java:1622)
	at fi.iki.elonen.NanoHTTPD$Response.send(NanoHTTPD.java:1589)
	at fi.iki.elonen.NanoHTTPD$HTTPSession.execute(NanoHTTPD.java:987)
	at fi.iki.elonen.NanoHTTPD$ClientHandler.run(NanoHTTPD.java:201)
	at java.base/java.lang.Thread.run(Unknown Source)

nov. 14, 2024 12:20:41 DA TARDE fi.iki.elonen.NanoHTTPD$Response send
SEVERE: Could not send response to the client
java.net.SocketException: Connection or outbound has closed
	at java.base/sun.security.ssl.SSLSocketImpl$AppOutputStream.write(Unknown Source)
	at fi.iki.elonen.NanoHTTPD$Response.sendBody(NanoHTTPD.java:1659)
	at fi.iki.elonen.NanoHTTPD$Response.sendBodyWithCorrectEncoding(NanoHTTPD.java:1632)
	at fi.iki.elonen.NanoHTTPD$Response.sendBodyWithCorrectTransferAndEncoding(NanoHTTPD.java:1622)
	at fi.iki.elonen.NanoHTTPD$Response.send(NanoHTTPD.java:1589)
	at fi.iki.elonen.NanoHTTPD$HTTPSession.execute(NanoHTTPD.java:987)
	at fi.iki.elonen.NanoHTTPD$ClientHandler.run(NanoHTTPD.java:201)
	at java.base/java.lang.Thread.run(Unknown Source)

nov. 14, 2024 12:20:42 DA TARDE fi.iki.elonen.NanoHTTPD$Response send
SEVERE: Could not send response to the client
java.net.SocketException: Connection or outbound has closed
	at java.base/sun.security.ssl.SSLSocketImpl$AppOutputStream.write(Unknown Source)
	at fi.iki.elonen.NanoHTTPD$Response.sendBody(NanoHTTPD.java:1659)
	at fi.iki.elonen.NanoHTTPD$Response.sendBodyWithCorrectEncoding(NanoHTTPD.java:1632)
	at fi.iki.elonen.NanoHTTPD$Response.sendBodyWithCorrectTransferAndEncoding(NanoHTTPD.java:1622)
	at fi.iki.elonen.NanoHTTPD$Response.send(NanoHTTPD.java:1589)
	at fi.iki.elonen.NanoHTTPD$HTTPSession.execute(NanoHTTPD.java:987)
	at fi.iki.elonen.NanoHTTPD$ClientHandler.run(NanoHTTPD.java:201)
	at java.base/java.lang.Thread.run(Unknown Source)

nov. 14, 2024 12:21:20 DA TARDE pt.gov.autenticacao.Agente startServer
INFO: A iniciar... versão = 2.0.97
nov. 14, 2024 12:21:21 DA TARDE pt.gov.autenticacao.configuracao.LinuxConfigurationActions configureStartup
INFO: Exceção: configureStartup(): /home/dani77/.config/autostart/plugin-autenticacao-gov.desktop
nov. 14, 2024 12:25:30 DA TARDE pt.gov.autenticacao.Agente startServer
INFO: A iniciar... versão = 2.0.97
nov. 14, 2024 12:25:31 DA TARDE pt.gov.autenticacao.configuracao.LinuxConfigurationActions configureStartup
INFO: Exceção: configureStartup(): /home/dani77/.config/autostart/plugin-autenticacao-gov.desktop
nov. 14, 2024 12:25:56 DA TARDE fi.iki.elonen.NanoHTTPD$Response send
SEVERE: Could not send response to the client
java.net.SocketException: Connection or outbound has closed
	at java.base/sun.security.ssl.SSLSocketImpl$AppOutputStream.write(Unknown Source)
	at fi.iki.elonen.NanoHTTPD$Response.sendBody(NanoHTTPD.java:1659)
	at fi.iki.elonen.NanoHTTPD$Response.sendBodyWithCorrectEncoding(NanoHTTPD.java:1632)
	at fi.iki.elonen.NanoHTTPD$Response.sendBodyWithCorrectTransferAndEncoding(NanoHTTPD.java:1622)
	at fi.iki.elonen.NanoHTTPD$Response.send(NanoHTTPD.java:1589)
	at fi.iki.elonen.NanoHTTPD$HTTPSession.execute(NanoHTTPD.java:987)
	at fi.iki.elonen.NanoHTTPD$ClientHandler.run(NanoHTTPD.java:201)
	at java.base/java.lang.Thread.run(Unknown Source)

nov. 14, 2024 12:26:05 DA TARDE fi.iki.elonen.NanoHTTPD$Response send
SEVERE: Could not send response to the client
java.net.SocketException: Connection or outbound has closed
	at java.base/sun.security.ssl.SSLSocketImpl$AppOutputStream.write(Unknown Source)
	at fi.iki.elonen.NanoHTTPD$Response.sendBody(NanoHTTPD.java:1659)
	at fi.iki.elonen.NanoHTTPD$Response.sendBodyWithCorrectEncoding(NanoHTTPD.java:1632)
	at fi.iki.elonen.NanoHTTPD$Response.sendBodyWithCorrectTransferAndEncoding(NanoHTTPD.java:1622)
	at fi.iki.elonen.NanoHTTPD$Response.send(NanoHTTPD.java:1589)
	at fi.iki.elonen.NanoHTTPD$HTTPSession.execute(NanoHTTPD.java:987)
	at fi.iki.elonen.NanoHTTPD$ClientHandler.run(NanoHTTPD.java:201)
	at java.base/java.lang.Thread.run(Unknown Source)

nov. 14, 2024 12:26:07 DA TARDE fi.iki.elonen.NanoHTTPD$Response send
SEVERE: Could not send response to the client
java.net.SocketException: Connection or outbound has closed
	at java.base/sun.security.ssl.SSLSocketImpl$AppOutputStream.write(Unknown Source)
	at fi.iki.elonen.NanoHTTPD$Response.sendBody(NanoHTTPD.java:1659)
	at fi.iki.elonen.NanoHTTPD$Response.sendBodyWithCorrectEncoding(NanoHTTPD.java:1632)
	at fi.iki.elonen.NanoHTTPD$Response.sendBodyWithCorrectTransferAndEncoding(NanoHTTPD.java:1622)
	at fi.iki.elonen.NanoHTTPD$Response.send(NanoHTTPD.java:1589)
	at fi.iki.elonen.NanoHTTPD$HTTPSession.execute(NanoHTTPD.java:987)
	at fi.iki.elonen.NanoHTTPD$ClientHandler.run(NanoHTTPD.java:201)
	at java.base/java.lang.Thread.run(Unknown Source)

nov. 14, 2024 12:27:14 DA TARDE pt.gov.autenticacao.Agente startServer
INFO: A iniciar... versão = 2.0.97
nov. 14, 2024 12:27:43 DA TARDE fi.iki.elonen.NanoHTTPD$Response send
SEVERE: Could not send response to the client
java.net.SocketException: Connection or outbound has closed
	at java.base/sun.security.ssl.SSLSocketImpl$AppOutputStream.write(Unknown Source)
	at fi.iki.elonen.NanoHTTPD$Response.sendBody(NanoHTTPD.java:1659)
	at fi.iki.elonen.NanoHTTPD$Response.sendBodyWithCorrectEncoding(NanoHTTPD.java:1632)
	at fi.iki.elonen.NanoHTTPD$Response.sendBodyWithCorrectTransferAndEncoding(NanoHTTPD.java:1622)
	at fi.iki.elonen.NanoHTTPD$Response.send(NanoHTTPD.java:1589)
	at fi.iki.elonen.NanoHTTPD$HTTPSession.execute(NanoHTTPD.java:987)
	at fi.iki.elonen.NanoHTTPD$ClientHandler.run(NanoHTTPD.java:201)
	at java.base/java.lang.Thread.run(Unknown Source)

nov. 14, 2024 12:27:53 DA TARDE fi.iki.elonen.NanoHTTPD$Response send
SEVERE: Could not send response to the client
java.net.SocketException: Connection or outbound has closed
	at java.base/sun.security.ssl.SSLSocketImpl$AppOutputStream.write(Unknown Source)
	at fi.iki.elonen.NanoHTTPD$Response.sendBody(NanoHTTPD.java:1659)
	at fi.iki.elonen.NanoHTTPD$Response.sendBodyWithCorrectEncoding(NanoHTTPD.java:1632)
	at fi.iki.elonen.NanoHTTPD$Response.sendBodyWithCorrectTransferAndEncoding(NanoHTTPD.java:1622)
	at fi.iki.elonen.NanoHTTPD$Response.send(NanoHTTPD.java:1589)
	at fi.iki.elonen.NanoHTTPD$HTTPSession.execute(NanoHTTPD.java:987)
	at fi.iki.elonen.NanoHTTPD$ClientHandler.run(NanoHTTPD.java:201)
	at java.base/java.lang.Thread.run(Unknown Source)

nov. 14, 2024 12:28:03 DA TARDE fi.iki.elonen.NanoHTTPD$Response send
SEVERE: Could not send response to the client
java.net.SocketException: Connection or outbound has closed
	at java.base/sun.security.ssl.SSLSocketImpl$AppOutputStream.write(Unknown Source)
	at fi.iki.elonen.NanoHTTPD$Response.sendBody(NanoHTTPD.java:1659)
	at fi.iki.elonen.NanoHTTPD$Response.sendBodyWithCorrectEncoding(NanoHTTPD.java:1632)
	at fi.iki.elonen.NanoHTTPD$Response.sendBodyWithCorrectTransferAndEncoding(NanoHTTPD.java:1622)
	at fi.iki.elonen.NanoHTTPD$Response.send(NanoHTTPD.java:1589)
	at fi.iki.elonen.NanoHTTPD$HTTPSession.execute(NanoHTTPD.java:987)
	at fi.iki.elonen.NanoHTTPD$ClientHandler.run(NanoHTTPD.java:201)
	at java.base/java.lang.Thread.run(Unknown Source)

nov. 14, 2024 12:28:32 DA TARDE fi.iki.elonen.NanoHTTPD$Response send
SEVERE: Could not send response to the client
java.net.SocketException: Connection or outbound has closed
	at java.base/sun.security.ssl.SSLSocketImpl$AppOutputStream.write(Unknown Source)
	at fi.iki.elonen.NanoHTTPD$Response.sendBody(NanoHTTPD.java:1659)
	at fi.iki.elonen.NanoHTTPD$Response.sendBodyWithCorrectEncoding(NanoHTTPD.java:1632)
	at fi.iki.elonen.NanoHTTPD$Response.sendBodyWithCorrectTransferAndEncoding(NanoHTTPD.java:1622)
	at fi.iki.elonen.NanoHTTPD$Response.send(NanoHTTPD.java:1589)
	at fi.iki.elonen.NanoHTTPD$HTTPSession.execute(NanoHTTPD.java:987)
	at fi.iki.elonen.NanoHTTPD$ClientHandler.run(NanoHTTPD.java:201)
	at java.base/java.lang.Thread.run(Unknown Source)

nov. 14, 2024 12:28:41 DA TARDE fi.iki.elonen.NanoHTTPD$Response send
SEVERE: Could not send response to the client
java.net.SocketException: Connection or outbound has closed
	at java.base/sun.security.ssl.SSLSocketImpl$AppOutputStream.write(Unknown Source)
	at fi.iki.elonen.NanoHTTPD$Response.sendBody(NanoHTTPD.java:1659)
	at fi.iki.elonen.NanoHTTPD$Response.sendBodyWithCorrectEncoding(NanoHTTPD.java:1632)
	at fi.iki.elonen.NanoHTTPD$Response.sendBodyWithCorrectTransferAndEncoding(NanoHTTPD.java:1622)
	at fi.iki.elonen.NanoHTTPD$Response.send(NanoHTTPD.java:1589)
	at fi.iki.elonen.NanoHTTPD$HTTPSession.execute(NanoHTTPD.java:987)
	at fi.iki.elonen.NanoHTTPD$ClientHandler.run(NanoHTTPD.java:201)
	at java.base/java.lang.Thread.run(Unknown Source)

nov. 14, 2024 12:30:31 DA TARDE pt.gov.autenticacao.Agente startServer
INFO: A iniciar... versão = 2.0.97
nov. 14, 2024 12:30:32 DA TARDE pt.gov.autenticacao.configuracao.LinuxConfigurationActions configureStartup
INFO: Exceção: configureStartup(): /home/dani77/.config/autostart/plugin-autenticacao-gov.desktop
