/home/dani77/myTuxedo/
# timestamp | duration | file | instruction | dir | modtime | etag | size | fileId | status | errorString | http result code | other size | other modtime | X-Request-ID
#=#=#=# Syncrun started 2024-11-13T22:07:02Z
#=#=#=#=# Propagation starts 2024-11-13T22:07:02Z (last step: 412 msec, total: 412 msec)
||Documents|8|2|1730743740|67290dbcdf4a9|0|42351688ocz4z2nt1ujz|13||0|0|0||
||Modelos|8|2|1730743738|67290dbab7838|0|42351660ocz4z2nt1ujz|13||0|0|0||
22:06:32||Documents/Readme.md|8|2|1730743740|78c029add418213101beb9595b77e3a8|136|42351689ocz4z2nt1ujz|13||200|0|0|d424f466-ea0c-45cd-a32e-3feafb2a9adb|
22:06:32||Documents/Example.md|8|2|1730743740|ea52fef4db9705e48095abe8acc118c9|1095|42351691ocz4z2nt1ujz|13||200|0|0|7f30ced5-25bb-4d78-bb36-b5e2b3710928|
22:06:32||Documents/Welcome to Nextcloud Hub.docx|8|2|1730743740|317eb8f9e4f363e548b77197c7e9c185|24295|42351690ocz4z2nt1ujz|13||200|0|0|014cd0a4-32e8-4843-b493-45ca5780a018|
22:06:32||Modelos/Business model canvas.odg|8|2|1730743737|517ce6292cde45e049ddb154b03b781b|16988|42351678ocz4z2nt1ujz|13||200|0|0|2511fce5-9508-4490-9124-9f3f38e3e64f|
22:06:32||Modelos/Diagram & table.ods|8|2|1730743737|2fb7370c28151fb6e0cca76b56b1db99|13378|42351674ocz4z2nt1ujz|13||200|0|0|30bb39a9-7c37-4f00-8cfd-997ce7ca7d01|
22:06:32||Modelos/Business model canvas.ods|8|2|1730743735|e7a88e6bb10ad01a13233f4e88391e5f|52843|42351664ocz4z2nt1ujz|13||200|0|0|c6981722-99d5-41af-b8ab-f9c2cd2eb506|
22:06:32||Modelos/Expense report.ods|8|2|1730743736|18be7e7e638c58ee9e208c5cae45bc34|13441|42351671ocz4z2nt1ujz|13||200|0|0|a8055467-fd31-4f40-9eb2-b0f9cc9ee0a8|
22:06:32||Modelos/Elegant.odp|8|2|1730743737|bf32554d7b58709f14ed47b40b952d4c|14316|42351676ocz4z2nt1ujz|13||200|0|0|091e9f5b-a489-4781-9996-5b9d8ca25a97|
22:06:32||Modelos/Flowchart.odg|8|2|1730743737|af87ff45eb9e5c717cdf0a79dbaf4b11|11836|42351675ocz4z2nt1ujz|13||200|0|0|e9028e17-adc3-43b8-8ba7-d678f9d6c0ad|
22:06:32||Modelos/Impact effort matrix.whiteboard|8|2|1730743738|26703ac1d39a8031406b35ba25c08655|52674|42351682ocz4z2nt1ujz|13||200|0|0|8705d289-30e5-4b3d-9b9c-189b2913b300|
22:06:33||Modelos/Invoice.odt|8|2|1730743737|e4ed94c90bd1dc9fad7ef164e5dadf2c|17276|42351673ocz4z2nt1ujz|13||200|0|0|9eba65ea-e356-4937-9900-3e7d268176b9|
22:06:32||Documents/Nextcloud flyer.pdf|8|2|1730743740|10ec6abd276dcc4677728a91a350c25a|1083339|42351692ocz4z2nt1ujz|13||200|0|0|8c56cc49-8d29-4928-b450-4531c7ade486|
22:06:33||Modelos/Letter.odt|8|2|1730743736|7bc7b1a54c13fc507688cfa1c0c7aa31|15961|42351668ocz4z2nt1ujz|13||200|0|0|d7189ef6-2f52-4fed-bcc1-824265d29adf|
22:06:33||Modelos/Meeting notes.md|8|2|1730743735|db4bf09bbb6cb8d4e000e3a28015ec69|326|42351663ocz4z2nt1ujz|13||200|0|0|19d3c694-151f-4678-85a2-131837713c98|
22:06:33||Modelos/Mindmap.odg|8|2|1730743738|28772cc62206a202b4a61d75a7912ae7|13653|42351685ocz4z2nt1ujz|13||200|0|0|a3e1bc29-8889-460e-b25d-6702e0378054|
22:06:33||Modelos/Modern company.odp|8|2|1730743736|e339e51dbe0bb4192246a5fda5389389|317015|42351670ocz4z2nt1ujz|13||200|0|0|777e7f22-a067-4472-8973-6b0451410483|
22:06:33||Modelos/Mother's day.odt|8|2|1730743735|f883149dce8e93ec30731989b9e689e0|340061|42351665ocz4z2nt1ujz|13||200|0|0|3c406735-1b2f-46e4-b8b3-8139b2bba4b4|
22:06:34||Modelos/Org chart.odg|8|2|1730743735|5a98e30fa08646c6bc3920482ee52047|13878|42351667ocz4z2nt1ujz|13||200|0|0|6fe99a8c-41c8-439e-a13b-859cf8bfb1f4|
22:06:32||Modelos/Gotong royong.odp|8|2|1730743736|09b6cb513c5db64226825291cf58af86|3509628|42351669ocz4z2nt1ujz|13||200|0|0|a8e57461-fe2b-4863-8b76-acc94adb6cb5|
22:06:34||Modelos/Readme.md|8|2|1730743735|1013e16137137ce52fb1cb5a6c1261bd|554|42351661ocz4z2nt1ujz|13||200|0|0|c83376c3-e90c-43c4-9ebb-16cbcde45549|
22:06:34||Modelos/Product plan.md|8|2|1730743735|a2849d6e0948ba46cf0f76067b0f8a67|573|42351666ocz4z2nt1ujz|13||200|0|0|38291a49-a0ce-43e1-828c-c1a6fe211726|
22:06:34||Modelos/Resume.odt|8|2|1730743736|ebbc398358c92bb55315a8c23c6170fb|39404|42351672ocz4z2nt1ujz|13||200|0|0|ac52bd38-a1e6-45e7-8d79-0711a368adfe|
22:06:34||Modelos/Party invitation.odt|8|2|1730743738|4f906a036c92dc2a7b2b4df3bb0030c9|868111|42351681ocz4z2nt1ujz|13||200|0|0|91e8080c-8aae-46dd-958d-2b964ed00c1b|
22:06:34||Modelos/SWOT analysis.whiteboard|8|2|1730743738|ae808e98111e0d0f4e32dffb88fe8871|38605|42351684ocz4z2nt1ujz|13||200|0|0|7fbfe105-3370-4ac0-848b-359a6ecab59b|
22:06:35||Modelos/Syllabus.odt|8|2|1730743735|70f8faba2f711515efd122f520c983ef|30354|42351662ocz4z2nt1ujz|13||200|0|0|727141b4-696c-427b-baad-446db7a435c3|
22:06:35||Modelos/Simple.odp|8|2|1730743738|649b58b151a950c9b5be0f50472d024e|14810|42351680ocz4z2nt1ujz|13||200|0|0|129789d0-a3ef-4f2d-8ed8-3b7394f13ba6|
||NovaCustom nv41|8|2|1731485438|67345efe2e67d|0|42782731ocz4z2nt1ujz|13||0|0|0||
22:06:35||Modelos/Timesheet.ods|8|2|1730743737|7f3cdca43154589b00df76191a2e840d|88394|42351677ocz4z2nt1ujz|13||200|0|0|58342f18-0272-4fb3-abc4-1c8ec400b721|
22:06:35||Modelos/Yellow idea.odp|8|2|1730743738|f32bcd1691016691ecc20a4ae845a5fa|81196|42351683ocz4z2nt1ujz|13||200|0|0|0ec25b69-e3e6-4336-87e7-e6f0a51bdd9f|
22:06:35||NovaCustom nv41/Invoice-CON-F-2974.pdf|8|2|1731458900|21d9d78fb64cccedc09442b72c35ac8f|220050|42782734ocz4z2nt1ujz|13||200|0|0|c985b29a-5745-461e-8c3c-d83c8d5f0412|
22:06:34||Modelos/Photo book.odt|8|2|1730743738|3869815ba1b5cc0ebb35dad2d6a6bd75|5155877|42351679ocz4z2nt1ujz|13||200|0|0|589033b6-e2cf-440d-861a-bec80421c669|
22:06:35||NovaCustom nv41/Manual.pdf|8|2|1731485102|5b448272081652f2e07db73da1b07ac6|5198458|42786748ocz4z2nt1ujz|13||200|0|0|0134dce1-f25e-4c40-97d9-c1d7f20f1a5c|
22:06:35||NovaCustom nv41/Manual5.pdf|8|2|1731485135|4978752a91660c9a9930a089431291ff|6789089|42786757ocz4z2nt1ujz|13||200|0|0|777eb130-1453-4e12-9899-301748e33191|
22:06:38||NovaCustom nv41/Readme.md|8|2|1731464498|56f1a00e346b020953713d9c670e2b55|25|42783693ocz4z2nt1ujz|13||200|0|0|da1f103d-bf7d-4869-8dba-33f47b0b876d|
22:06:38||NovaCustom nv41/ecfw_1.07.05.zip|8|2|1731485403|58331e17cf802e811faf55cee7c8b37f|73562|42786782ocz4z2nt1ujz|13||200|0|0|cfeb4fa4-b2b9-467c-b788-0df4381ce3f5|
||Photos|8|2|1730743734|67290db6baf05|0|42351648ocz4z2nt1ujz|13||0|0|0||
22:06:39||NovaCustom nv41/novacustom-logo.png|8|2|1731463754|361b41edcca972947d86dd244eb1bee9|36549|42786747ocz4z2nt1ujz|13||200|0|0|dca461c1-7722-4b84-96ca-980b824010a6|
22:06:38||NovaCustom nv41/NV41PZ SM 20220715.pdf|8|2|1731484939|f8c3b1e221bff8efe495029b5e64e7b6|6511236|42786758ocz4z2nt1ujz|13||200|0|0|aa9229e4-2f1c-4ff2-8c72-7c5804213a01|
22:06:39||Photos/Birdie.jpg|8|2|1730743734|2f5a2475560ae1877838e3c4a1d6645f|593508|42351656ocz4z2nt1ujz|13||200|0|0|72363321-0ae0-4fe5-b02c-459030533f95|
22:06:40||Photos/Frog.jpg|8|2|1730743733|33aa2206fc92062c19593cba9d2c2080|457744|42351653ocz4z2nt1ujz|13||200|0|0|89346be1-5e0e-48be-b6c1-e0fba783c06b|
22:06:40||Photos/Gorilla.jpg|8|2|1730743733|24d1216429dba15c29ade4883fc730d9|474653|42351650ocz4z2nt1ujz|13||200|0|0|8c358e98-5e97-4fdc-b1a4-2993016615ce|
22:06:41||Photos/Nextcloud community.jpg|8|2|1730743733|10ab65b30e76bbb3384d737bad347046|797325|42351652ocz4z2nt1ujz|13||200|0|0|1ce921cb-a225-4316-a32f-229fddefb90e|
22:06:41||Photos/Readme.md|8|2|1730743733|a184f115f2bad7a666c80f66161332a1|150|42351649ocz4z2nt1ujz|13||200|0|0|7c6524ba-af87-4213-8f8d-275df026bae9|
22:06:41||Photos/Library.jpg|8|2|1730743734|3de7f7fddecbc6a9e8cbd08c417901c0|2170375|42351655ocz4z2nt1ujz|13||200|0|0|1dd9b36a-5143-4f1d-86ef-d6b48fb32ef3|
22:06:41||Photos/Steps.jpg|8|2|1730743733|f623178cc3de524974de0084633a4fa3|567689|42351651ocz4z2nt1ujz|13||200|0|0|7e464cd2-777d-4801-bd7f-427402aacba2|
||Tuxedo Pulse 14 Gen 4|8|2|1731464568|67340d7868bc7|0|42552414ocz4z2nt1ujz|13||0|0|0||
22:06:37||NovaCustom nv41/NV41-Service-Manual.pdf|8|2|1731485055|54bcc60997b886c21ecf2dacd34231cb|3542542|42786746ocz4z2nt1ujz|13||200|0|0|9962ec41-0d6b-4c89-9a79-a11bc14cda49|
22:06:42||Photos/Toucan.jpg|8|2|1730743734|74033d6f64d42705238a98ce1e7a163f|167989|42351657ocz4z2nt1ujz|13||200|0|0|55b397ae-cfaf-4c5f-9bba-b24dec1875ab|
22:06:42||Tuxedo Pulse 14 Gen 4/Readme.md|8|2|1731464552|2f2090c7db0e3c892dba9c498e8b64cc|31|42783809ocz4z2nt1ujz|13||200|0|0|e6d01fb0-1870-4f5d-8ed6-ec2be93f5104|
22:06:42||Tuxedo Pulse 14 Gen 4/Invoice_INV2310134644.pdf|8|2|1731458843|61984912039ec3a54098a5900477fe17|49846|42782732ocz4z2nt1ujz|13||200|0|0|93449b99-2e96-4454-8a12-e10dea3fcf58|
22:06:42||Photos/Vineyard.jpg|8|2|1730743734|36be3819d06ffcdd1bf2ec164d00c085|427030|42351654ocz4z2nt1ujz|13||200|0|0|27c26112-04d9-430c-b23b-e58da8a61d2a|
22:06:42||Tuxedo Pulse 14 Gen 4/factur-x.xml|8|2|1731458955|8b41ea5d762d2ee293550dedf381d51b|8649|42782735ocz4z2nt1ujz|13||200|0|0|8870abd8-d18d-4694-8cc8-947a08b586fb|
22:06:42||Tuxedo Pulse 14 Gen 4/TUXEDO_Startklar_mit_Tux.pdf|8|2|1730995762|478c14005ee5139d9fe6238393b6ecfb|2101353|42552416ocz4z2nt1ujz|13||200|0|0|2a8bcb2e-7004-42d8-9470-0ddeb25aaac8|
22:06:42||Tuxedo Pulse 14 Gen 4/0175_Pulse_14_Gen4_BIOS_1206_EC_911.zip|8|2|1730995758|527eab4c549f7593283bba4a58862546|8228178|42552415ocz4z2nt1ujz|13||200|0|0|ac33b242-c114-4572-b556-7ea85f7ab628|
22:06:45||Readme.md|8|2|1731464354|30c5c644cff9dd82d8ca578076c385d5|63|42351646ocz4z2nt1ujz|13||200|0|0|5f033dae-05b6-46eb-8d51-86a0f1898e5b|
22:06:45||Nextcloud.png|8|2|1730743734|5a276794aaa43df651625cb116a71bd6|50598|42351658ocz4z2nt1ujz|13||200|0|0|bed4ea6a-899c-4fe7-be24-e979a7914eef|
22:06:45||Reasons to use Nextcloud.pdf|8|2|1730743733|03fd0f3c817b6865f2c8a15a37e4a4c6|976625|42351647ocz4z2nt1ujz|13||200|0|0|552d1e9e-63a2-4a27-a368-ee21f5ffc7fc|
22:06:45||Templates credits.md|8|2|1730743734|a47a9d78b5747f19e51c44e8bd96b8b7|2403|42351659ocz4z2nt1ujz|13||200|0|0|cd027e71-5366-4cb0-86cb-9cef5d5c3160|
22:06:44||Nextcloud intro.mp4|8|2|1730743739|54658f15797db6084b144065d79899a4|3963036|42351686ocz4z2nt1ujz|13||200|0|0|2adac9ed-49d3-4e02-a49b-28ba51520116|
22:06:42||Nextcloud Manual.pdf|8|2|1730743740|bdd97a4b49daf289876f916c1a9eb01c|16692167|42351687ocz4z2nt1ujz|13||200|0|0|2b469df5-e102-4a0a-ac01-e751a3901367|
#=#=#=# Syncrun finished 2024-11-13T22:07:19Z (last step: 17434 msec, total: 17847 msec)
#=#=#=# Syncrun started 2024-11-13T22:07:26Z
#=#=#=#=# Propagation starts 2024-11-13T22:07:26Z (last step: 357 msec, total: 357 msec)
#=#=#=# Syncrun finished 2024-11-13T22:07:26Z (last step: 13 msec, total: 371 msec)
